<?xml version="1.0" encoding="UTF-8"?>
<testng-results ignored="0" total="1" passed="1" failed="0" skipped="0">
  <reporter-output>
  </reporter-output>
  <suite started-at="2019-01-13T12:09:17Z" name="Suite1" finished-at="2019-01-13T12:09:24Z" duration-ms="7139">
    <groups>
    </groups>
    <test started-at="2019-01-13T12:09:17Z" name="xueqiutest" finished-at="2019-01-13T12:09:24Z" duration-ms="7139">
      <class name="test1">
        <test-method is-config="true" signature="beforeSuite()[pri:0, instance:test1@54d9d12d]" started-at="2019-01-13T12:09:03Z" name="beforeSuite" finished-at="2019-01-13T12:09:17Z" duration-ms="13716" status="PASS">
          <reporter-output>
          </reporter-output>
        </test-method> <!-- beforeSuite -->
        <test-method signature="test1()[pri:0, instance:test1@54d9d12d]" started-at="2019-01-13T12:09:17Z" name="test1" finished-at="2019-01-13T12:09:24Z" duration-ms="7128" status="PASS">
          <reporter-output>
          </reporter-output>
        </test-method> <!-- test1 -->
        <test-method is-config="true" signature="afterSuite()[pri:0, instance:test1@54d9d12d]" started-at="2019-01-13T12:09:24Z" name="afterSuite" finished-at="2019-01-13T12:09:24Z" duration-ms="310" status="PASS">
          <reporter-output>
          </reporter-output>
        </test-method> <!-- afterSuite -->
      </class> <!-- test1 -->
    </test> <!-- xueqiutest -->
  </suite> <!-- Suite1 -->
</testng-results>
